scraper/providers/template/build/intermediates/manifest_merge_blame_file/debug/processDebugManifest/manifest-merger-blame-debug-report.txt
1<?xml version="1.0" encoding="utf-8"?>
2<manifest xmlns:android="http://schemas.android.com/apk/res/android"
3    package="my.noveldokusha.scraper.provider.template" >
4
5    <uses-sdk android:minSdkVersion="26" />
6    <!-- Extension metadata -->
7    <application>
7-->src/main/AndroidManifest.xml:5:5-15:19
8        <meta-data
8-->src/main/AndroidManifest.xml:6:9-8:40
9            android:name="my.noveldokusha.scraper.extension.id"
9-->src/main/AndroidManifest.xml:7:13-64
10            android:value="template" />
10-->src/main/AndroidManifest.xml:8:13-37
11        <meta-data
11-->src/main/AndroidManifest.xml:9:9-11:47
12            android:name="my.noveldokusha.scraper.extension.name"
12-->src/main/AndroidManifest.xml:10:13-66
13            android:value="Template Source" />
13-->src/main/AndroidManifest.xml:11:13-44
14        <meta-data
14-->src/main/AndroidManifest.xml:12:9-14:37
15            android:name="my.noveldokusha.scraper.extension.version"
15-->src/main/AndroidManifest.xml:13:13-69
16            android:value="1.0.0" />
16-->src/main/AndroidManifest.xml:14:13-34
17    </application>
18
19</manifest>